2020-10-13T14:20:42.422980+0300 INFO  start_analise()
2020-10-13T14:20:42.423939+0300 ERROR An error has been caught in function 'main', process 'MainProcess' (17656), thread 'MainThread' (9576):
Traceback (most recent call last):

  File ".\manage_arch.py", line 22, in <module>
    main()
    -> <function main at 0x000002560FDF3950>

> File ".\manage_arch.py", line 20, in main
    start_analise()
    -> <function start_analise at 0x000002560FDF3730>

  File ".\manage_arch.py", line 13, in start_analise
    for root, dirs, files in os.walk(ArchPath):
                                     -> 'E:\\iCloud_lazyprog\\downloads'

NameError: name 'os' is not defined
2020-10-13T14:21:15.594886+0300 INFO  start_analise()
2020-10-13T14:21:15.710365+0300 INFO E:\iCloud_lazyprog\downloads
2020-10-13T14:21:15.742046+0300 INFO E:\iCloud_lazyprog\downloads\2012
2020-10-13T14:21:15.742046+0300 INFO E:\iCloud_lazyprog\downloads\2013
2020-10-13T14:21:15.757238+0300 INFO E:\iCloud_lazyprog\downloads\2014
2020-10-13T14:21:15.810617+0300 INFO E:\iCloud_lazyprog\downloads\2015
2020-10-13T14:21:15.890073+0300 INFO E:\iCloud_lazyprog\downloads\2016
2020-10-13T14:21:15.977535+0300 INFO E:\iCloud_lazyprog\downloads\2017
2020-10-13T14:21:15.979616+0300 INFO E:\iCloud_lazyprog\downloads\2018
2020-10-13T14:23:47.561094+0300 INFO E:\iCloud_lazyprog\downloads
2020-10-13T14:23:47.563050+0300 INFO 2012
2020-10-13T14:23:47.564058+0300 INFO 2013
2020-10-13T14:23:47.566082+0300 INFO 2014
2020-10-13T14:23:47.567082+0300 INFO 2015
2020-10-13T14:23:47.568037+0300 INFO 2016
2020-10-13T14:23:47.570059+0300 INFO 2017
2020-10-13T14:23:47.573026+0300 INFO 2018
2020-10-13T14:23:47.574021+0300 INFO E:\iCloud_lazyprog\downloads\2012
2020-10-13T14:23:47.576016+0300 INFO E:\iCloud_lazyprog\downloads\2013
2020-10-13T14:23:47.577052+0300 INFO E:\iCloud_lazyprog\downloads\2014
2020-10-13T14:23:47.579008+0300 INFO E:\iCloud_lazyprog\downloads\2015
2020-10-13T14:23:47.581002+0300 INFO E:\iCloud_lazyprog\downloads\2016
2020-10-13T14:23:47.585024+0300 INFO E:\iCloud_lazyprog\downloads\2017
2020-10-13T14:23:47.586990+0300 INFO E:\iCloud_lazyprog\downloads\2018
2020-10-13T14:24:55.653575+0300 INFO start_analise()
2020-10-13T14:24:55.655554+0300 INFO E:\iCloud_lazyprog\downloads
2020-10-13T14:24:55.656552+0300 INFO 2012
2020-10-13T14:24:55.657549+0300 INFO 2013
2020-10-13T14:24:55.658916+0300 INFO 2014
2020-10-13T14:24:55.660947+0300 INFO 2015
2020-10-13T14:24:55.661951+0300 INFO 2016
2020-10-13T14:24:55.664942+0300 INFO 2017
2020-10-13T14:24:55.665932+0300 INFO 2018
2020-10-13T14:24:55.668057+0300 INFO E:\iCloud_lazyprog\downloads\2012
2020-10-13T14:24:55.669519+0300 INFO E:\iCloud_lazyprog\downloads\2013
2020-10-13T14:24:55.671516+0300 INFO E:\iCloud_lazyprog\downloads\2014
2020-10-13T14:24:55.674509+0300 INFO E:\iCloud_lazyprog\downloads\2015
2020-10-13T14:24:55.676503+0300 INFO E:\iCloud_lazyprog\downloads\2016
2020-10-13T14:24:55.811339+0300 INFO E:\iCloud_lazyprog\downloads\2017
2020-10-13T14:24:55.814781+0300 INFO E:\iCloud_lazyprog\downloads\2018
2020-10-13T14:25:56.077513+0300 INFO start_analise()
2020-10-13T14:25:56.079561+0300 INFO root: E:\iCloud_lazyprog\downloads
2020-10-13T14:25:56.080559+0300 INFO 2012
2020-10-13T14:25:56.081556+0300 INFO 2013
2020-10-13T14:25:56.083551+0300 INFO 2014
2020-10-13T14:25:56.084548+0300 INFO 2015
2020-10-13T14:25:56.087541+0300 INFO 2016
2020-10-13T14:25:56.088537+0300 INFO 2017
2020-10-13T14:25:56.090880+0300 INFO 2018
2020-10-13T14:25:56.091876+0300 INFO root: E:\iCloud_lazyprog\downloads\2012
2020-10-13T14:25:56.092841+0300 INFO root: E:\iCloud_lazyprog\downloads\2013
2020-10-13T14:25:56.094868+0300 INFO root: E:\iCloud_lazyprog\downloads\2014
2020-10-13T14:25:56.097857+0300 INFO root: E:\iCloud_lazyprog\downloads\2015
2020-10-13T14:25:56.100815+0300 INFO root: E:\iCloud_lazyprog\downloads\2016
2020-10-13T14:25:56.103844+0300 INFO root: E:\iCloud_lazyprog\downloads\2017
2020-10-13T14:25:56.105800+0300 INFO root: E:\iCloud_lazyprog\downloads\2018
2020-10-13T14:32:28.464150+0300 INFO start_analise()
2020-10-13T14:32:28.466048+0300 INFO root: E:\iCloud_lazyprog\downloads
2020-10-13T14:32:28.467048+0300 ERROR An error has been caught in function 'main', process 'MainProcess' (10024), thread 'MainThread' (10732):
Traceback (most recent call last):

  File ".\manage_arch.py", line 27, in <module>
    main()
    -> <function main at 0x00000229F1593950>

> File ".\manage_arch.py", line 25, in main
    start_analise()
    -> <function start_analise at 0x00000229F1593730>

  File ".\manage_arch.py", line 19, in start_analise
    logger.info('files_count: '+files_count)
    |      |                    -> 3
    |      -> <function Logger.info at 0x00000229F1530158>
    -> <loguru.logger handlers=[(id=0, level=10, sink=<stderr>), (id=1, level=10, sink='debug.log')]>

TypeError: can only concatenate str (not "int") to str
2020-10-13T14:33:24.270240+0300 INFO start_analise()
2020-10-13T14:33:24.272191+0300 INFO root: E:\iCloud_lazyprog\downloads
2020-10-13T14:33:24.273221+0300 INFO files_count: 3
2020-10-13T14:33:24.274289+0300 INFO root: E:\iCloud_lazyprog\downloads\2012
2020-10-13T14:33:24.276214+0300 INFO files_count: 1
2020-10-13T14:33:24.278175+0300 INFO root: E:\iCloud_lazyprog\downloads\2013
2020-10-13T14:33:24.281168+0300 INFO files_count: 13
2020-10-13T14:33:24.285156+0300 INFO root: E:\iCloud_lazyprog\downloads\2014
2020-10-13T14:33:24.286197+0300 INFO files_count: 381
2020-10-13T14:33:24.288148+0300 INFO root: E:\iCloud_lazyprog\downloads\2015
2020-10-13T14:33:24.290143+0300 INFO files_count: 612
2020-10-13T14:33:24.293135+0300 INFO root: E:\iCloud_lazyprog\downloads\2016
2020-10-13T14:33:24.294176+0300 INFO files_count: 568
2020-10-13T14:33:24.297164+0300 INFO root: E:\iCloud_lazyprog\downloads\2017
2020-10-13T14:33:24.300157+0300 INFO files_count: 1615
2020-10-13T14:33:24.302142+0300 INFO root: E:\iCloud_lazyprog\downloads\2018
2020-10-13T14:33:24.303155+0300 INFO files_count: 527
